Arguments: 
  C:\Program Files\nodejs\node.exe C:\Users\Administrator\AppData\Roaming\npm\node_modules\yarn\bin\yarn.js

PATH: 
  C:\Program Files (x86)\Common Files\Intel\Shared Libraries\redist\intel64\compiler;C:\Program Files (x86)\Common Files\Oracle\Java\javapath;C:\Ruby30-x64\bin;C:\windows\system32;C:\windows;C:\windows\System32\Wbem;C:\windows\System32\WindowsPowerShell\v1.0\;C:\windows\System32\OpenSSH\;C:\jdk\adoptopenjdk_1_8_hotspot;C:\jdk\adoptopenjdk_1_8_hotspot\bin;C:\jdk\adoptopenjdk_1_8_hotspot\lib;D:\Git\cmd;D:\xshell7\;D:\apache-maven-3.8.1\bin\;F:\工具\nps;C:\ProgramData\chocolatey\bin;D:\ffmpeg\bin;F:\android\jadx_v1.2.0\bin;D:\Nox\bin;D:\xftp\;C:\Program Files\Docker\Docker\resources\bin;C:\ProgramData\DockerDesktop\version-bin;D:\GoLand 2021.3.4\sdk\go1.16.5;D:\GoLand 2021.3.4\sdk\go1.16.5\bin;C:\Users\Administrator\Downloads\chromedriver_win32;F:\工具\ngrok;C:\Program Files\dotnet\;C:\gcc\mingw64\bin;D:\nodejs\nvm;C:\Program Files\nodejs;D:\Redis-x64-5.0.14.1;D:\微信web开发者工具\dll;;C:\Program Files (x86)\NVIDIA Corporation\PhysX\Common;D:\微信web开发者工具稳定版\dll;C:\Users\Administrator\AppData\Local\Programs\Python\Python310\Scripts\;C:\Users\Administrator\AppData\Local\Programs\Python\Python310\;C:\Users\Administrator\AppData\Local\Programs\Python\Python38\Scripts\;C:\Users\Administrator\AppData\Local\Programs\Python\Python38\;C:\Users\Administrator\AppData\Local\Programs\Python\Python310-32\Scripts\;C:\Users\Administrator\AppData\Local\Programs\Python\Python310-32\;C:\Users\Administrator\AppData\Local\Programs\Python\Python36-32\;C:\Users\Administrator\AppData\Local\Programs\Python\Python36-32\Scripts\;C:\Users\Administrator\AppData\Local\Microsoft\WindowsApps;C:\Program Files\Bandizip\;D:\IntelliJIDEA2021.1\bin;;D:\Microsoft VS Code\bin;D:\Graphviz\bin;D:\PyCharm 2021.2.1\bin;;D:\mitmproxy\bin;F:\android\jadx_v1.2.0\bin;D:\GoLand 2021.3.4\bin;;C:\Users\Administrator\AppData\Roaming\npm;D:\nodejs\nvm;C:\Program Files\nodejs;C:\php\php-8.1.14-Win32-vs16-x64\ext;C:\php\php-8.1.14-Win32-vs16-x64;D:\Nmap

Yarn version: 
  1.22.19

Node version: 
  16.15.1

Platform: 
  win32 x64

Trace: 
  Error: getaddrinfo ENOENT raw.githubusercontent.com
      at GetAddrInfoReqWrap.onlookup [as oncomplete] (node:dns:71:26)

npm manifest: 
  {
    "name": "vue-element-admin",
    "version": "4.4.0",
    "description": "A magical vue admin. An out-of-box UI solution for enterprise applications. Newest development stack of vue. Lots of awesome features",
    "author": "Pan <panfree23@gmail.com>",
    "scripts": {
      "dev": "vue-cli-service serve",
      "lint": "eslint --ext .js,.vue src",
      "build:prod": "vue-cli-service build",
      "build:stage": "vue-cli-service build --mode staging",
      "preview": "node build/index.js --preview",
      "new": "plop",
      "svgo": "svgo -f src/icons/svg --config=src/icons/svgo.yml",
      "test:unit": "jest --clearCache && vue-cli-service test:unit",
      "test:ci": "npm run lint && npm run test:unit"
    },
    "dependencies": {
      "@antv/g2": "^5.1.6",
      "axios": "0.18.1",
      "clipboard": "2.0.4",
      "codemirror": "5.45.0",
      "core-js": "3.6.5",
      "crypto-js": "^4.2.0",
      "driver.js": "0.9.5",
      "dropzone": "5.5.1",
      "echarts": "4.2.1",
      "element-ui": "2.13.2",
      "file-saver": "2.0.1",
      "fuse.js": "3.4.4",
      "js-cookie": "2.2.0",
      "js-file-download": "^0.4.12",
      "jsonlint": "1.6.3",
      "jszip": "3.2.1",
      "normalize.css": "7.0.0",
      "nprogress": "0.2.0",
      "particles.js": "^2.0.0",
      "path-to-regexp": "2.4.0",
      "qrcodejs2": "^0.0.2",
      "screenfull": "4.2.0",
      "script-loader": "0.7.2",
      "sortablejs": "1.8.4",
      "tui-editor": "1.3.3",
      "vue": "2.6.10",
      "vue-count-to": "1.0.13",
      "vue-router": "3.0.2",
      "vue-splitpane": "1.0.4",
      "vuedraggable": "2.20.0",
      "vuex": "3.1.0",
      "wangeditor": "^4.7.15",
      "xlsx": "0.14.1"
    },
    "devDependencies": {
      "@vue/cli-plugin-babel": "4.4.4",
      "@vue/cli-plugin-eslint": "4.4.4",
      "@vue/cli-plugin-unit-jest": "4.4.4",
      "@vue/cli-service": "4.4.4",
      "@vue/test-utils": "1.0.0-beta.29",
      "autoprefixer": "9.5.1",
      "babel-eslint": "10.1.0",
      "babel-jest": "23.6.0",
      "babel-plugin-dynamic-import-node": "2.3.3",
      "chalk": "2.4.2",
      "chokidar": "2.1.5",
      "connect": "3.6.6",
      "eslint": "6.7.2",
      "eslint-plugin-vue": "6.2.2",
      "html-webpack-plugin": "3.2.0",
      "husky": "1.3.1",
      "lint-staged": "8.1.5",
      "mockjs": "1.0.1-beta3",
      "plop": "2.3.0",
      "qs": "^6.12.1",
      "runjs": "4.3.2",
      "sass": "1.26.2",
      "sass-loader": "8.0.2",
      "script-ext-html-webpack-plugin": "2.1.3",
      "serve-static": "1.13.2",
      "svg-sprite-loader": "4.1.3",
      "svgo": "1.2.0",
      "vue-template-compiler": "2.6.10"
    },
    "browserslist": [
      "> 1%",
      "last 2 versions"
    ],
    "bugs": {
      "url": "https://github.com/PanJiaChen/vue-element-admin/issues"
    },
    "engines": {
      "node": ">=8.9",
      "npm": ">= 3.0.0"
    },
    "keywords": [
      "vue",
      "admin",
      "dashboard",
      "element-ui",
      "boilerplate",
      "admin-template",
      "management-system"
    ],
    "license": "MIT",
    "lint-staged": {
      "src/**/*.{js,vue}": [
        "eslint --fix",
        "git add"
      ]
    },
    "husky": {
      "hooks": {
        "pre-commit": "lint-staged"
      }
    },
    "repository": {
      "type": "git",
      "url": "git+https://github.com/PanJiaChen/vue-element-admin.git"
    }
  }

yarn manifest: 
  No manifest

Lockfile: 
  No lockfile
